<?xml version="1.0" encoding="UTF-8"?>
<testng-results skipped="0" failed="0" ignored="0" total="1" passed="1">
  <reporter-output>
  </reporter-output>
  <suite name="Default suite" duration-ms="29712" started-at="2018-06-28T05:31:34Z" finished-at="2018-06-28T05:32:03Z">
    <groups>
    </groups>
    <test name="Default test" duration-ms="29712" started-at="2018-06-28T05:31:34Z" finished-at="2018-06-28T05:32:03Z">
      <class name="autoit.FileUploadTest">
        <test-method status="PASS" signature="beforeTest()[pri:0, instance:autoit.FileUploadTest@33cc44]" name="beforeTest" is-config="true" duration-ms="26543" started-at="2018-06-28T05:31:34Z" finished-at="2018-06-28T05:32:00Z">
          <reporter-output>
          </reporter-output>
        </test-method> <!-- beforeTest -->
        <test-method status="PASS" signature="upload()[pri:0, instance:autoit.FileUploadTest@33cc44]" name="upload" duration-ms="3131" started-at="2018-06-28T05:32:00Z" finished-at="2018-06-28T05:32:03Z">
          <reporter-output>
          </reporter-output>
        </test-method> <!-- upload -->
      </class> <!-- autoit.FileUploadTest -->
    </test> <!-- Default test -->
  </suite> <!-- Default suite -->
</testng-results>
