<?xml version="1.0" encoding="UTF-8"?>
<testng-results skipped="0" failed="0" ignored="0" total="1" passed="1">
  <reporter-output>
  </reporter-output>
  <suite name="Default suite" duration-ms="29872" started-at="2018-06-26T09:13:52Z" finished-at="2018-06-26T09:14:22Z">
    <groups>
    </groups>
    <test name="Default test" duration-ms="29872" started-at="2018-06-26T09:13:52Z" finished-at="2018-06-26T09:14:22Z">
      <class name="Automation.Maven.FileUploadTest">
        <test-method status="PASS" signature="beforeTest()[pri:0, instance:Automation.Maven.FileUploadTest@1fc5af1]" name="beforeTest" is-config="true" duration-ms="29546" started-at="2018-06-26T09:13:52Z" finished-at="2018-06-26T09:14:21Z">
          <reporter-output>
          </reporter-output>
        </test-method> <!-- beforeTest -->
        <test-method status="PASS" signature="upload()[pri:0, instance:Automation.Maven.FileUploadTest@1fc5af1]" name="upload" duration-ms="297" started-at="2018-06-26T09:14:21Z" finished-at="2018-06-26T09:14:22Z">
          <reporter-output>
          </reporter-output>
        </test-method> <!-- upload -->
      </class> <!-- Automation.Maven.FileUploadTest -->
    </test> <!-- Default test -->
  </suite> <!-- Default suite -->
</testng-results>
